<?xml version="1.0" encoding="UTF-8"?>
<testng-results ignored="0" total="1" passed="1" failed="0" skipped="0">
  <reporter-output>
  </reporter-output>
  <suite started-at="2025-07-06T12:49:56 IST" name="Default suite" finished-at="2025-07-06T12:50:18 IST" duration-ms="22584">
    <groups>
      <group name="systemTest">
        <method signature="NavigatetouserLoginLogTest.loginlogTest()[pri:0, instance:com.ecomm.adminModuleTest.NavigatetouserLoginLogTest@70cf32e3]" name="loginlogTest" class="com.ecomm.adminModuleTest.NavigatetouserLoginLogTest"/>
      </group> <!-- systemTest -->
    </groups>
    <test started-at="2025-07-06T12:49:56 IST" name="Default test" finished-at="2025-07-06T12:50:18 IST" duration-ms="22584">
      <class name="com.ecomm.adminModuleTest.NavigatetouserLoginLogTest">
        <test-method is-config="true" signature="configBS()[pri:0, instance:com.ecomm.adminModuleTest.NavigatetouserLoginLogTest@70cf32e3]" started-at="2025-07-06T12:49:55 IST" name="configBS" finished-at="2025-07-06T12:49:56 IST" duration-ms="991" status="PASS">
          <reporter-output>
          </reporter-output>
        </test-method> <!-- configBS -->
        <test-method is-config="true" signature="configBC()[pri:0, instance:com.ecomm.adminModuleTest.NavigatetouserLoginLogTest@70cf32e3]" started-at="2025-07-06T12:49:56 IST" name="configBC" finished-at="2025-07-06T12:50:02 IST" duration-ms="5628" status="PASS">
          <reporter-output>
          </reporter-output>
        </test-method> <!-- configBC -->
        <test-method is-config="true" signature="configBM()[pri:0, instance:com.ecomm.adminModuleTest.NavigatetouserLoginLogTest@70cf32e3]" started-at="2025-07-06T12:50:02 IST" name="configBM" finished-at="2025-07-06T12:50:03 IST" duration-ms="1807" status="PASS">
          <reporter-output>
          </reporter-output>
        </test-method> <!-- configBM -->
        <test-method signature="loginlogTest()[pri:0, instance:com.ecomm.adminModuleTest.NavigatetouserLoginLogTest@70cf32e3]" started-at="2025-07-06T12:50:03 IST" name="loginlogTest" finished-at="2025-07-06T12:50:15 IST" duration-ms="12082" status="PASS">
          <reporter-output>
          </reporter-output>
        </test-method> <!-- loginlogTest -->
        <test-method is-config="true" signature="configAM()[pri:0, instance:com.ecomm.adminModuleTest.NavigatetouserLoginLogTest@70cf32e3]" started-at="2025-07-06T12:50:15 IST" name="configAM" finished-at="2025-07-06T12:50:16 IST" duration-ms="366" status="PASS">
          <reporter-output>
          </reporter-output>
        </test-method> <!-- configAM -->
        <test-method is-config="true" signature="configAC()[pri:0, instance:com.ecomm.adminModuleTest.NavigatetouserLoginLogTest@70cf32e3]" started-at="2025-07-06T12:50:16 IST" name="configAC" finished-at="2025-07-06T12:50:18 IST" duration-ms="2634" status="PASS">
          <reporter-output>
          </reporter-output>
        </test-method> <!-- configAC -->
        <test-method is-config="true" signature="configAS()[pri:0, instance:com.ecomm.adminModuleTest.NavigatetouserLoginLogTest@70cf32e3]" started-at="2025-07-06T12:50:18 IST" name="configAS" finished-at="2025-07-06T12:50:18 IST" duration-ms="0" status="PASS">
          <reporter-output>
          </reporter-output>
        </test-method> <!-- configAS -->
      </class> <!-- com.ecomm.adminModuleTest.NavigatetouserLoginLogTest -->
    </test> <!-- Default test -->
  </suite> <!-- Default suite -->
</testng-results>
